<?xml version="1.0" encoding="UTF-8"?>
<!-- Generated by org.testng.reporters.JUnitReportReporter -->
<testsuite hostname="TLAPT24869" failures="0" tests="1" name="com.SvcProject.TestLayer.PatientProfileTest" time="202.424" errors="0" timestamp="20 Mar 2024 13:30:33 GMT" skipped="0">
  <testcase classname="com.SvcProject.TestLayer.PatientProfileTest" name="verifyPatientProfile" time="202.424"/>
</testsuite> <!-- com.SvcProject.TestLayer.PatientProfileTest -->
