<?xml version="1.0" encoding="UTF-8"?>
<!-- Generated by org.testng.reporters.JUnitReportReporter -->
<testsuite hostname="TLAPT24869" failures="0" tests="1" name="com.SvcProject.TestLayer.FAQsTest" time="31.416" errors="0" timestamp="2024-12-19T17:09:50 IST" skipped="0">
  <testcase classname="com.SvcProject.TestLayer.FAQsTest" name="verifyFAQs" time="31.416"/>
  <system-out/>
</testsuite> <!-- com.SvcProject.TestLayer.FAQsTest -->
