<?xml version="1.0" encoding="UTF-8"?>
<!-- Generated by org.testng.reporters.JUnitReportReporter -->
<testsuite hostname="TLAPT24869" failures="0" tests="1" name="com.SvcProject.TestLayer.HolidayCalendarTest" time="72.094" errors="0" timestamp="23 Apr 2024 09:37:10 GMT" skipped="0">
  <testcase classname="com.SvcProject.TestLayer.HolidayCalendarTest" name="verifyHolidayCalendarUpdate" time="72.094"/>
</testsuite> <!-- com.SvcProject.TestLayer.HolidayCalendarTest -->
