<?xml version="1.0" encoding="UTF-8"?>
<!-- Generated by org.testng.reporters.JUnitReportReporter -->
<testsuite hostname="TLAPT24869" failures="0" tests="1" name="com.SvcProject.TestLayer.ReleaseNoteTest" time="70.646" errors="0" timestamp="12 Apr 2024 10:33:10 GMT" skipped="0">
  <testcase classname="com.SvcProject.TestLayer.ReleaseNoteTest" name="verifyReleaseNote" time="70.646"/>
</testsuite> <!-- com.SvcProject.TestLayer.ReleaseNoteTest -->
