<?xml version="1.0" encoding="UTF-8"?>
<!-- Generated by org.testng.reporters.JUnitReportReporter -->
<testsuite hostname="TLAPT24869" failures="0" tests="1" name="com.SvcProject.TestLayer.PatientRegistrationTest" time="48.868" errors="0" timestamp="24 Apr 2024 11:21:40 GMT" skipped="0">
  <testcase classname="com.SvcProject.TestLayer.PatientRegistrationTest" name="verifyViewPatientDetails" time="48.868"/>
</testsuite> <!-- com.SvcProject.TestLayer.PatientRegistrationTest -->
