<?xml version="1.0" encoding="UTF-8"?>
<!-- Generated by org.testng.reporters.JUnitReportReporter -->
<testsuite hostname="TLAPT24869" failures="0" tests="1" name="com.SvcProject.Utilities.ExtentReports" time="0.032" errors="0" timestamp="22 Mar 2024 05:08:52 GMT" skipped="0">
  <testcase classname="com.SvcProject.Utilities.ExtentReports" name="getExtentReport" time="0.032"/>
</testsuite> <!-- com.SvcProject.Utilities.ExtentReports -->
