<?xml version="1.0" encoding="UTF-8"?>
<!-- Generated by org.testng.reporters.JUnitReportReporter -->
<testsuite hostname="TLAPT24869" failures="0" tests="1" name="com.SvcProject.TestLayer.AppointmentStatusChangeTest" time="74.907" errors="0" timestamp="22 Apr 2024 10:35:47 GMT" skipped="0">
  <testcase classname="com.SvcProject.TestLayer.AppointmentStatusChangeTest" name="verifyAppointmentStatusChange" time="74.907"/>
</testsuite> <!-- com.SvcProject.TestLayer.AppointmentStatusChangeTest -->
