<?xml version="1.0" encoding="UTF-8"?>
<!-- Generated by org.testng.reporters.JUnitReportReporter -->
<testsuite hostname="TLAPT24869" failures="0" tests="1" name="com.SvcProject.TestLayer.NotificationConfigurationTest" time="36.036" errors="0" timestamp="17 Apr 2024 05:34:26 GMT" skipped="0">
  <testcase classname="com.SvcProject.TestLayer.NotificationConfigurationTest" name="verifyNotificationConfiguration" time="36.036"/>
</testsuite> <!-- com.SvcProject.TestLayer.NotificationConfigurationTest -->
