<?xml version="1.0" encoding="UTF-8"?>
<!-- Generated by org.testng.reporters.JUnitReportReporter -->
<testsuite hostname="TLAPT24869" failures="0" tests="1" name="com.SvcProject.TestLayer.BulkCancellationTest" time="61.617" errors="0" timestamp="18 Apr 2024 06:19:06 GMT" skipped="0">
  <testcase classname="com.SvcProject.TestLayer.BulkCancellationTest" name="verifyBulkCancellation" time="61.617"/>
</testsuite> <!-- com.SvcProject.TestLayer.BulkCancellationTest -->
