<?xml version="1.0" encoding="UTF-8"?>
<!-- Generated by org.testng.reporters.JUnitReportReporter -->
<testsuite hostname="TLAPT24869" failures="0" tests="2" name="com.SvcProject.TestLayer.AssetMasterTest" time="112.214" errors="0" timestamp="15 Apr 2024 09:48:46 GMT" skipped="0">
  <testcase classname="com.SvcProject.TestLayer.AssetMasterTest" name="verifyAssetMasterScenario1" time="52.000"/>
  <testcase classname="com.SvcProject.TestLayer.AssetMasterTest" name="verifyAssetMasterScenario2" time="60.214"/>
</testsuite> <!-- com.SvcProject.TestLayer.AssetMasterTest -->
