<?xml version="1.0" encoding="UTF-8"?>
<!-- Generated by org.testng.reporters.JUnitReportReporter -->
<testsuite hostname="TLAPT24869" failures="0" tests="1" name="com.SvcProject.TestLayer.LeaveTest" time="44.183" errors="0" timestamp="11 Apr 2024 13:11:41 GMT" skipped="0">
  <testcase classname="com.SvcProject.TestLayer.LeaveTest" name="verifyLeave" time="44.183"/>
</testsuite> <!-- com.SvcProject.TestLayer.LeaveTest -->
